root - INFO - [Sys]: Verifying User Arguements
root - INFO - [Sys]: Verified User Arguements
root - INFO - [Sys]: Setting ngrok server up
pyngrok.process - INFO - Updating authtoken for default "config_path" of "ngrok_path": /Users/karthiknadimpally/opt/anaconda3/lib/python3.8/site-packages/pyngrok/bin/ngrok
root - INFO - [Sys]: Finished Setting up ngrok server
root - INFO - [Sys]: Starting Server
root - INFO - [Sys]: Created TCP Socket
root - INFO - [Sys]: Binded Socket to Port
root - INFO - [Sys]: Creating ngrok server
pyngrok.ngrok - INFO - Opening tunnel named: tcp-8080-d8928694-a6b4-4e0a-9199-a8df4559e9c9
pyngrok.process.ngrok - INFO - t=2022-12-05T12:47:31-0500 lvl=info msg="no configuration paths supplied"
pyngrok.process.ngrok - INFO - t=2022-12-05T12:47:31-0500 lvl=info msg="using configuration at default config path" path=/Users/karthiknadimpally/.ngrok2/ngrok.yml
pyngrok.process.ngrok - INFO - t=2022-12-05T12:47:31-0500 lvl=info msg="open config file" path=/Users/karthiknadimpally/.ngrok2/ngrok.yml err=nil
pyngrok.process.ngrok - INFO - t=2022-12-05T12:47:31-0500 lvl=info msg="starting web service" obj=web addr=127.0.0.1:4040
pyngrok.process.ngrok - INFO - t=2022-12-05T12:47:31-0500 lvl=info msg="tunnel session started" obj=tunnels.session
pyngrok.process.ngrok - INFO - t=2022-12-05T12:47:31-0500 lvl=info msg="client session established" obj=csess id=151175046da6
pyngrok.process.ngrok - INFO - t=2022-12-05T12:47:31-0500 lvl=info msg=start pg=/api/tunnels id=52e8df382703b2bd
pyngrok.process.ngrok - INFO - t=2022-12-05T12:47:31-0500 lvl=info msg=end pg=/api/tunnels id=52e8df382703b2bd status=200 dur=459.464µs
pyngrok.process.ngrok - INFO - t=2022-12-05T12:47:31-0500 lvl=info msg=start pg=/api/tunnels id=2b4f18dd129c4c27
pyngrok.process.ngrok - INFO - t=2022-12-05T12:47:31-0500 lvl=info msg=end pg=/api/tunnels id=2b4f18dd129c4c27 status=200 dur=98.913µs
pyngrok.process.ngrok - INFO - t=2022-12-05T12:47:31-0500 lvl=info msg=start pg=/api/tunnels id=1e43bae0df8f032a
pyngrok.process.ngrok - INFO - t=2022-12-05T12:47:31-0500 lvl=info msg="started tunnel" obj=tunnels name=tcp-8080-d8928694-a6b4-4e0a-9199-a8df4559e9c9 addr=//localhost:8080 url=tcp://2.tcp.ngrok.io:14898
pyngrok.process.ngrok - INFO - t=2022-12-05T12:47:31-0500 lvl=info msg=end pg=/api/tunnels id=1e43bae0df8f032a status=201 dur=93.100723ms
root - INFO - [Sys]: Created Ngrok Server at tcp://2.tcp.ngrok.io:14898
root - INFO - Running the Generator
root - INFO - Created Payload at /Users/karthiknadimpally/Desktop/kris.py
root - INFO - [Sys]: Started Client Handler
root - INFO - [Sys]: Created Thread for Client Handler
root - INFO - Started CLI
root - INFO - [Sys]: New Connection
pyngrok.process.ngrok - INFO - t=2022-12-05T12:47:31-0500 lvl=info msg="join connections" obj=join id=f961688df548 l=127.0.0.1:8080 r=173.244.217.86:35208
root - INFO - [User]: select 0
root - INFO - [User]: shell
